<?xml version="1.0" encoding="UTF-8"?>
<testsuite xmlns:xsi="http://www.w3.org/2001/XMLSchema-instance" xsi:noNamespaceSchemaLocation="https://maven.apache.org/surefire/maven-surefire-plugin/xsd/surefire-test-report.xsd" name="ThreeCardLogicTest" time="0.028" tests="90" errors="0" skipped="0" failures="0">
  <properties>
[...]
</properties>
  <testcase name="evalHandTest10" classname="ThreeCardLogicTest" time="0"/>
  <testcase name="evalHandTest11" classname="ThreeCardLogicTest" time="0"/>
  <testcase name="evalHandTest12" classname="ThreeCardLogicTest" time="0"/>
  <testcase name="evalHandTest13" classname="ThreeCardLogicTest" time="0"/>
  <testcase name="evalHandTest14" classname="ThreeCardLogicTest" time="0"/>
  <testcase name="evalHandTest15" classname="ThreeCardLogicTest" time="0"/>
  <testcase name="evalHandTest16" classname="ThreeCardLogicTest" time="0.001"/>
  <testcase name="evalHandTest17" classname="ThreeCardLogicTest" time="0"/>
  <testcase name="evalHandTest1" classname="ThreeCardLogicTest" time="0"/>
  <testcase name="evalHandTest2" classname="ThreeCardLogicTest" time="0.001"/>
  <testcase name="evalHandTest3" classname="ThreeCardLogicTest" time="0"/>
  <testcase name="evalHandTest4" classname="ThreeCardLogicTest" time="0"/>
  <testcase name="evalHandTest5" classname="ThreeCardLogicTest" time="0.001"/>
  <testcase name="evalHandTest6" classname="ThreeCardLogicTest" time="0"/>
  <testcase name="evalHandTest7" classname="ThreeCardLogicTest" time="0"/>
  <testcase name="evalHandTest8" classname="ThreeCardLogicTest" time="0"/>
  <testcase name="evalHandTest9" classname="ThreeCardLogicTest" time="0"/>
  <testcase name="compareTest10" classname="ThreeCardLogicTest" time="0"/>
  <testcase name="compareTest11" classname="ThreeCardLogicTest" time="0"/>
  <testcase name="compareTest12" classname="ThreeCardLogicTest" time="0.001"/>
  <testcase name="compareTest13" classname="ThreeCardLogicTest" time="0"/>
  <testcase name="compareTest14" classname="ThreeCardLogicTest" time="0"/>
  <testcase name="compareTest15" classname="ThreeCardLogicTest" time="0"/>
  <testcase name="compareTest16" classname="ThreeCardLogicTest" time="0"/>
  <testcase name="compareTest17" classname="ThreeCardLogicTest" time="0"/>
  <testcase name="compareTest18" classname="ThreeCardLogicTest" time="0"/>
  <testcase name="compareTest19" classname="ThreeCardLogicTest" time="0"/>
  <testcase name="compareTest20" classname="ThreeCardLogicTest" time="0.001"/>
  <testcase name="compareTest21" classname="ThreeCardLogicTest" time="0"/>
  <testcase name="compareTest22" classname="ThreeCardLogicTest" time="0"/>
  <testcase name="compareTest23" classname="ThreeCardLogicTest" time="0"/>
  <testcase name="compareTest1" classname="ThreeCardLogicTest" time="0.001"/>
  <testcase name="compareTest2" classname="ThreeCardLogicTest" time="0"/>
  <testcase name="compareTest3" classname="ThreeCardLogicTest" time="0.001"/>
  <testcase name="compareTest4" classname="ThreeCardLogicTest" time="0"/>
  <testcase name="compareTest5" classname="ThreeCardLogicTest" time="0"/>
  <testcase name="compareTest6" classname="ThreeCardLogicTest" time="0"/>
  <testcase name="compareTest7" classname="ThreeCardLogicTest" time="0"/>
  <testcase name="compareTest8" classname="ThreeCardLogicTest" time="0"/>
  <testcase name="compareTest9" classname="ThreeCardLogicTest" time="0"/>
  <testcase name="qualifyTest10" classname="ThreeCardLogicTest" time="0.001"/>
  <testcase name="qualifyTest11" classname="ThreeCardLogicTest" time="0"/>
  <testcase name="qualifyTest12" classname="ThreeCardLogicTest" time="0"/>
  <testcase name="qualifyTest13" classname="ThreeCardLogicTest" time="0.001"/>
  <testcase name="qualifyTest14" classname="ThreeCardLogicTest" time="0"/>
  <testcase name="qualifyTest15" classname="ThreeCardLogicTest" time="0"/>
  <testcase name="qualifyTest16" classname="ThreeCardLogicTest" time="0"/>
  <testcase name="qualifyTest17" classname="ThreeCardLogicTest" time="0"/>
  <testcase name="qualifyTest18" classname="ThreeCardLogicTest" time="0"/>
  <testcase name="qualifyTest19" classname="ThreeCardLogicTest" time="0"/>
  <testcase name="qualifyTest20" classname="ThreeCardLogicTest" time="0"/>
  <testcase name="qualifyTest21" classname="ThreeCardLogicTest" time="0"/>
  <testcase name="qualifyTest22" classname="ThreeCardLogicTest" time="0"/>
  <testcase name="qualifyTest23" classname="ThreeCardLogicTest" time="0"/>
  <testcase name="qualifyTest24" classname="ThreeCardLogicTest" time="0"/>
  <testcase name="qualifyTest25" classname="ThreeCardLogicTest" time="0"/>
  <testcase name="qualifyTest26" classname="ThreeCardLogicTest" time="0"/>
  <testcase name="qualifyTest27" classname="ThreeCardLogicTest" time="0"/>
  <testcase name="qualifyTest28" classname="ThreeCardLogicTest" time="0.001"/>
  <testcase name="qualifyTest29" classname="ThreeCardLogicTest" time="0"/>
  <testcase name="qualifyTest30" classname="ThreeCardLogicTest" time="0.003"/>
  <testcase name="qualifyTest31" classname="ThreeCardLogicTest" time="0.001"/>
  <testcase name="qualifyTest1" classname="ThreeCardLogicTest" time="0"/>
  <testcase name="qualifyTest2" classname="ThreeCardLogicTest" time="0.001"/>
  <testcase name="qualifyTest3" classname="ThreeCardLogicTest" time="0"/>
  <testcase name="qualifyTest4" classname="ThreeCardLogicTest" time="0"/>
  <testcase name="qualifyTest5" classname="ThreeCardLogicTest" time="0"/>
  <testcase name="qualifyTest6" classname="ThreeCardLogicTest" time="0"/>
  <testcase name="qualifyTest7" classname="ThreeCardLogicTest" time="0"/>
  <testcase name="qualifyTest8" classname="ThreeCardLogicTest" time="0"/>
  <testcase name="qualifyTest9" classname="ThreeCardLogicTest" time="0"/>
  <testcase name="evalPPTest10" classname="ThreeCardLogicTest" time="0.001"/>
  <testcase name="evalPPTest11" classname="ThreeCardLogicTest" time="0"/>
  <testcase name="evalPPTest12" classname="ThreeCardLogicTest" time="0"/>
  <testcase name="evalPPTest13" classname="ThreeCardLogicTest" time="0"/>
  <testcase name="evalPPTest14" classname="ThreeCardLogicTest" time="0"/>
  <testcase name="evalPPTest15" classname="ThreeCardLogicTest" time="0"/>
  <testcase name="evalPPTest16" classname="ThreeCardLogicTest" time="0"/>
  <testcase name="evalPPTest17" classname="ThreeCardLogicTest" time="0"/>
  <testcase name="evalPPTest18" classname="ThreeCardLogicTest" time="0"/>
  <testcase name="evalPPTest19" classname="ThreeCardLogicTest" time="0.001"/>
  <testcase name="evalPPTest1" classname="ThreeCardLogicTest" time="0"/>
  <testcase name="evalPPTest2" classname="ThreeCardLogicTest" time="0"/>
  <testcase name="evalPPTest3" classname="ThreeCardLogicTest" time="0"/>
  <testcase name="evalPPTest4" classname="ThreeCardLogicTest" time="0"/>
  <testcase name="evalPPTest5" classname="ThreeCardLogicTest" time="0.001"/>
  <testcase name="evalPPTest6" classname="ThreeCardLogicTest" time="0"/>
  <testcase name="evalPPTest7" classname="ThreeCardLogicTest" time="0"/>
  <testcase name="evalPPTest8" classname="ThreeCardLogicTest" time="0"/>
  <testcase name="evalPPTest9" classname="ThreeCardLogicTest" time="0"/>
</testsuite>